GSB_AS/GSB/proguard-rules.txt

#-dontusemixedcaseclassnames #不使用abc代替类名
#指定代码的压缩级别
-optimizationpasses 5
# 混淆时所采用的算法
-optimizations !code/simplification/arithmetic,!field/*,!class/merging/*
#保护注解
-keepattributes *Annotation*

#####################记录生成的日志数据,gradle build时在本项目根目录输出################
 #混淆时是否记录日志
-verbose
#apk 包内所有 class 的内部结构
-dump class_files.txt
#未混淆的类和成员
-printseeds seeds.txt
#列出从 apk 中删除的代码
-printusage unused.txt
#混淆前后的映射
-printmapping mapping.txt


#####################记录生成的日志数据，gradle build时 在本项目根目录输出-end################

# Gson
#-keepattributes Signature-keepattributes *Annotation*
-keep class sun.misc.Unsafe { *; }
-keep class com.google.gson.stream.** { *; }
# 使用Gson时需要配置Gson的解析对象及变量都不混淆。不然Gson会找不到变量。
-keep class com.gaoshoubang.bean.**{*;}
-keep class com.gaoshoubang.net.convert.**{*;}


# 极光推送
-dontoptimize
-dontpreverify
-dontwarn cn.jpush.**
-keep class cn.jpush.** { *; }

# OkHttp3
-dontwarn com.squareup.okhttp3.**
-keep class com.squareup.okhttp3.** { *;}
-dontwarn okio.**

# Okio
-dontwarn com.squareup.**
-dontwarn okio.**
-keep public class org.codehaus.* { *; }
-keep public class java.nio.* { *; }

# 新浪微博
-keep class com.sina.weibo.sdk.* { *; }
-keep class android.support.v4.* { *; }
-keep class com.tencent.* { *; }
-keep class com.baidu.* { *; }
-keep class lombok.ast.ecj.* { *; }
-dontwarn android.support.v4.**
-dontwarn com.tencent.**s
-dontwarn com.baidu.**


# 友盟统计分析
-keepclassmembers class * { public <init>(org.json.JSONObject); }
-keepclassmembers enum com.umeng.analytics.** {
    public static **[] values();
    public static ** valueOf(java.lang.String);
}
-dontwarn com.samsung.**
-keep class com.samsung.** {*;}
-dontwarn android.content.Context
-keep class android.content.Context {*;}
-keep class com.fingerprints.service.FingerprintManager.** {*;}
-dontwarn com.fingerprints.service.FingerprintManager



-keep class com.github.mikephil.charting.** { *; }
-dontwarn io.realm.**

-keep public class * extends android.app.Fragment
-keep public class * extends android.app.Activity
-keep public class * extends android.app.Application
-keep public class * extends android.app.Service
-keep public class * extends android.content.BroadcastReceiver
-keep public class * extends android.preference.Preference
-keep public class * extends android.content.ContentProvider
-keep public class * extends android.support.v4.**
-keep public class * extends android.support.annotation.**
-keep public class * extends android.support.v7.**

## ----------------------------------

##      UIL相关

## ----------------------------------

-keep class com.nostra13.universalimageloader.** { *; }

-keepclassmembers class com.nostra13.universalimageloader.** {*;}

-keep class com.gaoshoubang.util.FilesPath {*;}

## ----------------------------------

##      sharesdk

## ----------------------------------

-keep class cn.sharesdk.**{*;}

-keep class com.sina.**{*;}

-keep class **.R$* {*;}

-keep class **.R{*;}

-dontwarn cn.sharesdk.**

-dontwarn **.R$*

-keep class com.gaoshoubang.util.FullTitleBar{*;}
-keep class com.gaoshoubang.net.ConfigUtils{*;}
-keep class com.gaoshoubang.widget.**{*;}