GSB_AS/GSB/build/outputs/mapping/1001/buildRelease/seeds.txt
com.gaoshoubang.GsbApplication
com.gaoshoubang.GsbApplication: GsbApplication()
com.gaoshoubang.R
com.gaoshoubang.R: R()
com.gaoshoubang.R$anim
com.gaoshoubang.R$anim: int abc_fade_in
com.gaoshoubang.R$anim: int abc_fade_out
com.gaoshoubang.R$anim: int abc_grow_fade_in_from_bottom
com.gaoshoubang.R$anim: int abc_popup_enter
com.gaoshoubang.R$anim: int abc_popup_exit
com.gaoshoubang.R$anim: int abc_shrink_fade_out_from_bottom
com.gaoshoubang.R$anim: int abc_slide_in_bottom
com.gaoshoubang.R$anim: int abc_slide_in_top
com.gaoshoubang.R$anim: int abc_slide_out_bottom
com.gaoshoubang.R$anim: int abc_slide_out_top
com.gaoshoubang.R$anim: int anim_entry_from_bottom
com.gaoshoubang.R$anim: int anim_leave_from_bottom
com.gaoshoubang.R$anim: int left_exit
com.gaoshoubang.R$anim: int progressbar_miss
com.gaoshoubang.R$anim: int progressbar_show
com.gaoshoubang.R$anim: int right_enter
com.gaoshoubang.R$anim: R$anim()
com.gaoshoubang.R$array
com.gaoshoubang.R$array: int default_preview
com.gaoshoubang.R$array: R$array()
com.gaoshoubang.R$attr
com.gaoshoubang.R$attr: int actionBarDivider
com.gaoshoubang.R$attr: int actionBarItemBackground
com.gaoshoubang.R$attr: int actionBarPopupTheme
com.gaoshoubang.R$attr: int actionBarSize
com.gaoshoubang.R$attr: int actionBarSplitStyle
com.gaoshoubang.R$attr: int actionBarStyle
com.gaoshoubang.R$attr: int actionBarTabBarStyle
com.gaoshoubang.R$attr: int actionBarTabStyle
com.gaoshoubang.R$attr: int actionBarTabTextStyle
com.gaoshoubang.R$attr: int actionBarTheme
com.gaoshoubang.R$attr: int actionBarWidgetTheme
com.gaoshoubang.R$attr: int actionButtonStyle
com.gaoshoubang.R$attr: int actionDropDownStyle
com.gaoshoubang.R$attr: int actionLayout
com.gaoshoubang.R$attr: int actionMenuTextAppearance
com.gaoshoubang.R$attr: int actionMenuTextColor
com.gaoshoubang.R$attr: int actionModeBackground
com.gaoshoubang.R$attr: int actionModeCloseButtonStyle
com.gaoshoubang.R$attr: int actionModeCloseDrawable
com.gaoshoubang.R$attr: int actionModeCopyDrawable
com.gaoshoubang.R$attr: int actionModeCutDrawable
com.gaoshoubang.R$attr: int actionModeFindDrawable
com.gaoshoubang.R$attr: int actionModePasteDrawable
com.gaoshoubang.R$attr: int actionModePopupWindowStyle
com.gaoshoubang.R$attr: int actionModeSelectAllDrawable
com.gaoshoubang.R$attr: int actionModeShareDrawable
com.gaoshoubang.R$attr: int actionModeSplitBackground
com.gaoshoubang.R$attr: int actionModeStyle
com.gaoshoubang.R$attr: int actionModeWebSearchDrawable
com.gaoshoubang.R$bool
com.gaoshoubang.R$bool: int abc_action_bar_embed_tabs
com.gaoshoubang.R$bool: int abc_allow_stacked_button_bar
com.gaoshoubang.R$bool: int abc_config_actionMenuItemAllCaps
com.gaoshoubang.R$bool: int abc_config_closeDialogWhenTouchOutside
com.gaoshoubang.R$bool: int abc_config_showMenuShortcutsWhenKeyboardPresent
com.gaoshoubang.R$bool: R$bool()
...
com.github.mikephil.charting.charts.HorizontalBarChart
com.github.mikephil.charting.charts.HorizontalBarChart: HorizontalBarChart(android.content.Context)
com.github.mikephil.charting.charts.HorizontalBarChart: HorizontalBarChart(android.content.Context,android.util.AttributeSet)
com.github.mikephil.charting.charts.HorizontalBarChart: HorizontalBarChart(android.content.Context,android.util.AttributeSet,int)
com.github.mikephil.charting.charts.HorizontalBarChart: void init()
com.github.mikephil.charting.charts.HorizontalBarChart: void calculateOffsets()
com.github.mikephil.charting.charts.HorizontalBarChart: void prepareValuePxMatrix()
com.github.mikephil.charting.charts.HorizontalBarChart: void calcModulus()
com.github.mikephil.charting.charts.HorizontalBarChart: android.graphics.RectF getBarBounds(com.github.mikephil.charting.data.BarEntry)
com.github.mikephil.charting.charts.HorizontalBarChart: android.graphics.PointF getPosition(com.github.mikephil.charting.data.Entry,com.github.mikephil.charting.components.YAxis$AxisDependency)
com.github.mikephil.charting.charts.HorizontalBarChart: com.github.mikephil.charting.highlight.Highlight getHighlightByTouchPoint(float,float)
com.github.mikephil.charting.charts.HorizontalBarChart: int getLowestVisibleXIndex()
com.github.mikephil.charting.charts.HorizontalBarChart: int getHighestVisibleXIndex()
com.github.mikephil.charting.charts.LineChart
com.github.mikephil.charting.charts.LineChart: LineChart(android.content.Context)
com.github.mikephil.charting.charts.LineChart: LineChart(android.content.Context,android.util.AttributeSet)
com.github.mikephil.charting.charts.LineChart: LineChart(android.content.Context,android.util.AttributeSet,int)
com.github.mikephil.charting.charts.LineChart: void init()
com.github.mikephil.charting.charts.LineChart: void calcMinMax()
com.github.mikephil.charting.charts.LineChart: com.github.mikephil.charting.data.LineData getLineData()
com.github.mikephil.charting.charts.LineChart: void onDetachedFromWindow()
com.github.mikephil.charting.charts.PieChart
com.github.mikephil.charting.charts.PieChart: android.graphics.RectF mCircleBox
com.github.mikephil.charting.charts.PieChart: boolean mDrawXLabels
com.github.mikephil.charting.charts.PieChart: float[] mDrawAngles
com.github.mikephil.charting.charts.PieChart: float[] mAbsoluteAngles
com.github.mikephil.charting.charts.PieChart: boolean mDrawHole
com.github.mikephil.charting.charts.PieChart: boolean mDrawSlicesUnderHole
com.github.mikephil.charting.charts.PieChart: boolean mUsePercentValues
com.github.mikephil.charting.charts.PieChart: boolean mDrawRoundedSlices
com.github.mikephil.charting.charts.PieChart: java.lang.CharSequence mCenterText
com.github.mikephil.charting.charts.PieChart: float mHoleRadiusPercent
com.github.mikephil.charting.charts.PieChart: float mTransparentCircleRadiusPercent
com.github.mikephil.charting.charts.PieChart: boolean mDrawCenterText
com.github.mikephil.charting.charts.PieChart: float mCenterTextRadiusPercent
com.github.mikephil.charting.charts.PieChart: float mMaxAngle
com.github.mikephil.charting.charts.PieChart: PieChart(android.content.Context)
com.github.mikephil.charting.charts.PieChart: PieChart(android.content.Context,android.util.AttributeSet)
com.github.mikephil.charting.charts.PieChart: PieChart(android.content.Context,android.util.AttributeSet,int)
com.github.mikephil.charting.charts.PieChart: void init()
com.github.mikephil.charting.charts.PieChart: void onDraw(android.graphics.Canvas)