GSB_AS/GSB/build/outputs/mapping/1001/buildRelease/mapping.txt
com.gaoshoubang.C -> com.gaoshoubang.a:
com.gaoshoubang.C$Config -> com.gaoshoubang.a$a:
    boolean isLogs -> a
    java.lang.String APPID -> b
    void <clinit>() -> <clinit>
com.gaoshoubang.GsbApplication -> com.gaoshoubang.GsbApplication:
    com.gaoshoubang.GsbApplication gsbApplication -> a
    boolean isActive -> b
    void <init>() -> <init>
    com.gaoshoubang.GsbApplication getGsbApplication() -> a
    void onCreate() -> onCreate
    void initJPush() -> f
    void initImageLoader(android.content.Context) -> a
    android.content.pm.PackageInfo getPackageInfo() -> b
    java.lang.String getIMEI() -> c
    java.lang.String getUserId() -> d
    java.lang.String getChannelCode() -> e
    void requestAppConfig() -> g
    void onConfigurationChanged(android.content.res.Configuration) -> onConfigurationChanged
    android.content.res.Resources getResources() -> getResources
    void initReceiver() -> h
    void <clinit>() -> <clinit>
com.gaoshoubang.GsbApplication$1 -> com.gaoshoubang.GsbApplication$1:
    com.gaoshoubang.GsbApplication this$0 -> a
    void <init>(com.gaoshoubang.GsbApplication) -> <init>
    void gotResult(int,java.lang.String,java.util.Set) -> gotResult
com.gaoshoubang.GsbApplication$2 -> com.gaoshoubang.GsbApplication$2:
    com.gaoshoubang.GsbApplication this$0 -> a
    void <init>(com.gaoshoubang.GsbApplication) -> <init>
    void onSuccess(java.lang.String,okhttp3.Call,okhttp3.Response) -> a
    void onError(okhttp3.Call,okhttp3.Response,java.lang.Exception) -> onError
    void onSuccess(java.lang.Object,okhttp3.Call,okhttp3.Response) -> onSuccess
com.gaoshoubang.R -> com.gaoshoubang.R:
    void <init>() -> <init>
com.gaoshoubang.R$anim -> com.gaoshoubang.R$anim:
    int abc_fade_in -> abc_fade_in
    int abc_fade_out -> abc_fade_out
    int abc_grow_fade_in_from_bottom -> abc_grow_fade_in_from_bottom
    int abc_popup_enter -> abc_popup_enter
    int abc_popup_exit -> abc_popup_exit
    int abc_shrink_fade_out_from_bottom -> abc_shrink_fade_out_from_bottom
    int abc_slide_in_bottom -> abc_slide_in_bottom
    int abc_slide_in_top -> abc_slide_in_top
    int abc_slide_out_bottom -> abc_slide_out_bottom
    int abc_slide_out_top -> abc_slide_out_top
    int anim_entry_from_bottom -> anim_entry_from_bottom
    int anim_leave_from_bottom -> anim_leave_from_bottom
    int left_exit -> left_exit
    int progressbar_miss -> progressbar_miss
    int progressbar_show -> progressbar_show
    int right_enter -> right_enter
    void <init>() -> <init>
com.gaoshoubang.R$array -> com.gaoshoubang.R$array:
    int default_preview -> default_preview
    void <init>() -> <init>
...
android.support.graphics.drawable.TypedArrayUtils -> android.support.graphics.drawable.d:
    boolean hasAttribute(org.xmlpull.v1.XmlPullParser,java.lang.String) -> a
    float getNamedFloat(android.content.res.TypedArray,org.xmlpull.v1.XmlPullParser,java.lang.String,int,float) -> a
    boolean getNamedBoolean(android.content.res.TypedArray,org.xmlpull.v1.XmlPullParser,java.lang.String,int,boolean) -> a
    int getNamedInt(android.content.res.TypedArray,org.xmlpull.v1.XmlPullParser,java.lang.String,int,int) -> a
    int getNamedColor(android.content.res.TypedArray,org.xmlpull.v1.XmlPullParser,java.lang.String,int,int) -> b
android.support.graphics.drawable.VectorDrawableCommon -> android.support.graphics.drawable.e:
    android.graphics.drawable.Drawable mDelegateDrawable -> b
    void <init>() -> <init>
    android.content.res.TypedArray obtainAttributes(android.content.res.Resources,android.content.res.Resources$Theme,android.util.AttributeSet,int[]) -> a
    void setColorFilter(int,android.graphics.PorterDuff$Mode) -> setColorFilter
    android.graphics.ColorFilter getColorFilter() -> getColorFilter
    boolean onLevelChange(int) -> onLevelChange
    void onBoundsChange(android.graphics.Rect) -> onBoundsChange
    void setHotspot(float,float) -> setHotspot
    void setHotspotBounds(int,int,int,int) -> setHotspotBounds
    void setFilterBitmap(boolean) -> setFilterBitmap
    void jumpToCurrentState() -> jumpToCurrentState
    void applyTheme(android.content.res.Resources$Theme) -> applyTheme
    void clearColorFilter() -> clearColorFilter
    android.graphics.drawable.Drawable getCurrent() -> getCurrent
    int getMinimumWidth() -> getMinimumWidth
    int getMinimumHeight() -> getMinimumHeight
    boolean getPadding(android.graphics.Rect) -> getPadding
    int[] getState() -> getState
    android.graphics.Region getTransparentRegion() -> getTransparentRegion
    void setChangingConfigurations(int) -> setChangingConfigurations
    boolean setState(int[]) -> setState
android.support.graphics.drawable.VectorDrawableCompat -> android.support.graphics.drawable.VectorDrawableCompat:
    android.graphics.PorterDuff$Mode DEFAULT_TINT_MODE -> a
    android.support.graphics.drawable.VectorDrawableCompat$VectorDrawableCompatState mVectorState -> c
    android.graphics.PorterDuffColorFilter mTintFilter -> d
    android.graphics.ColorFilter mColorFilter -> e
    boolean mMutated -> f
    boolean mAllowCaching -> g
    android.graphics.drawable.Drawable$ConstantState mCachedConstantStateDelegate -> h
    float[] mTmpFloats -> i
    android.graphics.Matrix mTmpMatrix -> j
    android.graphics.Rect mTmpBounds -> k
    void <init>() -> <init>
    void <init>(android.support.graphics.drawable.VectorDrawableCompat$VectorDrawableCompatState) -> <init>
    android.graphics.drawable.Drawable mutate() -> mutate
    java.lang.Object getTargetByName(java.lang.String) -> a
    android.graphics.drawable.Drawable$ConstantState getConstantState() -> getConstantState
    void draw(android.graphics.Canvas) -> draw
    int getAlpha() -> getAlpha
    void setAlpha(int) -> setAlpha
    void setColorFilter(android.graphics.ColorFilter) -> setColorFilter
    android.graphics.PorterDuffColorFilter updateTintFilter(android.graphics.PorterDuffColorFilter,android.content.res.ColorStateList,android.graphics.PorterDuff$Mode) -> a
    void setTint(int) -> setTint
    void setTintList(android.content.res.ColorStateList) -> setTintList
android.support.graphics.drawable.VectorDrawableCompat$VClipPath -> android.support.graphics.drawable.VectorDrawableCompat$a:
    void <init>() -> <init>
    void <init>(android.support.graphics.drawable.VectorDrawableCompat$VClipPath) -> <init>
    void inflate(android.content.res.Resources,android.util.AttributeSet,android.content.res.Resources$Theme,org.xmlpull.v1.XmlPullParser) -> a
    void updateStateFromTypedArray(android.content.res.TypedArray) -> a
    boolean isClipPath() -> a