GSB_AS/GSB/build/outputs/mapping/1001/buildRelease/usage.txt
com.gaoshoubang.BuildConfig
com.gaoshoubang.C$Config:
    27:27:public C$Config()
com.gaoshoubang.C$ProductConst
com.gaoshoubang.C$RiskAssessment
com.gaoshoubang.GsbApplication:
    protected static final java.lang.String TAG
com.gaoshoubang.Manifest
com.gaoshoubang.Manifest$permission
com.gaoshoubang.base.activities.BaseActivity:
    protected abstract void bindData()
com.gaoshoubang.base.activities.SimpleBaseActivity:
    14:14:protected void loadData()
    19:19:protected void bindData()
com.gaoshoubang.base.presenter.BasePresenter
com.gaoshoubang.base.presenter.BasePresenterImpl:
    21:21:public void onCreate()
com.gaoshoubang.fingerprint.FingerprintConst
com.gaoshoubang.fingerprint.FingerprintUtils:
    9:9:public FingerprintUtils()
com.gaoshoubang.fingerprint.aosp.FingerprintManagerCompat$AuthenticationResult:
    115:115:public com.gaoshoubang.fingerprint.aosp.FingerprintManagerCompat$CryptoObject getCryptoObject()
com.gaoshoubang.fingerprint.aosp.FingerprintManagerCompatApi23:
    36:36:public FingerprintManagerCompatApi23()
com.gaoshoubang.net.Callback
com.gaoshoubang.net.Constants:
    public static final java.lang.String KEY
    public static final java.lang.String FIRST_KEY
    public static final java.lang.String SECOND_KEY
    public static final int RESPONSE_SUCCESS
    public static final int RESPONSE_INVALIDATE
com.gaoshoubang.net.HttpUtils:
    17:17:public HttpUtils()
com.gaoshoubang.net.JsonUtil:
    public static final java.lang.String STATE
    public static final java.lang.String MSG
    public static final java.lang.String DATA
    12:12:public JsonUtil()
com.gaoshoubang.net.NetworkManager:
    public static final long DEFAULT_MILLISECONDS
    65:65:public okhttp3.OkHttpClient$Builder getOkHttpClientBuilder()
    107:108:public void setRetryCount(int)
com.gaoshoubang.net.NetworkManager$ManagerHolder:
    56:56:private NetworkManager$ManagerHolder()
com.gaoshoubang.net.ParamsConstants
com.gaoshoubang.net.Response:
    19:19:public okhttp3.Response raw()
    23:23:public int code()
    27:27:public java.lang.String message()
    31:31:public okhttp3.Headers headers()
    35:35:public boolean isSuccessful()
com.gaoshoubang.net.ShareInfoUtil:
    private static final java.lang.String TAG
com.gaoshoubang.net.Urls
com.gaoshoubang.net.adapter.Call:
    public abstract com.gaoshoubang.net.Response execute()
    public abstract void execute(com.gaoshoubang.net.callback.AbsCallback)
    public abstract boolean isExecuted()
    public abstract void cancel()
    public abstract boolean isCanceled()
    public abstract com.gaoshoubang.net.adapter.Call clone()
    public abstract com.gaoshoubang.net.request.BaseRequest getBaseRequest()
com.gaoshoubang.net.adapter.CustomCall:
    166:174:public com.gaoshoubang.net.Response execute()
    185:185:public boolean isExecuted()
    190:194:public void cancel()
    198:198:public boolean isCanceled()
    208:208:public com.gaoshoubang.net.request.BaseRequest getBaseRequest()
com.gaoshoubang.net.callback.JsonCallbackWrapper:
    19:28:public JsonCallbackWrapper(com.gaoshoubang.net.listener.HandleEventListener)
com.gaoshoubang.net.callback.ProgressCallback
com.gaoshoubang.net.exception.InValidateException$InvalidateHolder:
    16:16:private InValidateException$InvalidateHolder()
com.gaoshoubang.net.exception.NetworkException:
    27:28:public NetworkException(java.lang.String,java.lang.Throwable)
    31:32:public NetworkException(java.lang.Throwable)
...
android.support.v4.media.RatingCompat$Style
android.support.v4.media.RatingCompatKitkat
android.support.v4.media.TransportController:
    36:37:public TransportController()
    public abstract void registerStateListener(android.support.v4.media.TransportStateListener)
    public abstract void unregisterStateListener(android.support.v4.media.TransportStateListener)
    public abstract void startPlaying()
    public abstract void pausePlaying()
    public abstract void stopPlaying()
    public abstract long getDuration()
    public abstract long getCurrentPosition()
    public abstract void seekTo(long)
    public abstract boolean isPlaying()
    public abstract int getBufferPercentage()
    public abstract int getTransportControlFlags()
android.support.v4.media.TransportMediator:
    final android.content.Context mContext
    final android.support.v4.media.TransportPerformer mCallbacks
    final android.media.AudioManager mAudioManager
    final android.view.View mView
    final java.lang.Object mDispatcherState
    final android.support.v4.media.TransportMediatorJellybeanMR2 mController
    final java.util.ArrayList mListeners
    final android.support.v4.media.TransportMediatorCallback mTransportKeyCallback
    public static final int KEYCODE_MEDIA_PLAY
    public static final int KEYCODE_MEDIA_PAUSE
    public static final int KEYCODE_MEDIA_RECORD
    public static final int FLAG_KEY_MEDIA_PREVIOUS
    public static final int FLAG_KEY_MEDIA_REWIND
    public static final int FLAG_KEY_MEDIA_PLAY
    public static final int FLAG_KEY_MEDIA_PLAY_PAUSE
    public static final int FLAG_KEY_MEDIA_PAUSE
    public static final int FLAG_KEY_MEDIA_STOP
    public static final int FLAG_KEY_MEDIA_FAST_FORWARD
    public static final int FLAG_KEY_MEDIA_NEXT
    final android.view.KeyEvent$Callback mKeyEventCallback
    172:187:static boolean isMediaKey(int)
    217:218:public TransportMediator(android.app.Activity,android.support.v4.media.TransportPerformer)
    225:226:public TransportMediator(android.view.View,android.support.v4.media.TransportPerformer)
    60:240:private TransportMediator(android.app.Activity,android.view.View,android.support.v4.media.TransportPerformer)
android.support.v4.media.TransportMediator$1
android.support.v4.media.TransportMediator$2
android.support.v4.media.TransportMediatorCallback
android.support.v4.media.TransportMediatorJellybeanMR2
android.support.v4.media.TransportMediatorJellybeanMR2$1
android.support.v4.media.TransportMediatorJellybeanMR2$2
android.support.v4.media.TransportMediatorJellybeanMR2$3
android.support.v4.media.TransportMediatorJellybeanMR2$4
android.support.v4.media.TransportMediatorJellybeanMR2$5
android.support.v4.media.TransportMediatorJellybeanMR2$6
android.support.v4.media.TransportPerformer
android.support.v4.media.TransportStateListener
android.support.v4.media.VolumeProviderCompat
android.support.v4.media.VolumeProviderCompat$1
android.support.v4.media.VolumeProviderCompat$Callback
android.support.v4.media.VolumeProviderCompat$ControlType
android.support.v4.media.VolumeProviderCompatApi21
android.support.v4.media.VolumeProviderCompatApi21$1
android.support.v4.media.VolumeProviderCompatApi21$Delegate
android.support.v4.media.session.IMediaControllerCallback$Stub:
    private static final java.lang.String DESCRIPTOR
    static final int TRANSACTION_onEvent
    static final int TRANSACTION_onSessionDestroyed
    static final int TRANSACTION_onPlaybackStateChanged
    static final int TRANSACTION_onMetadataChanged
    static final int TRANSACTION_onQueueChanged
    static final int TRANSACTION_onQueueTitleChanged
    static final int TRANSACTION_onExtrasChanged
    static final int TRANSACTION_onVolumeInfoChanged
    static final int TRANSACTION_onRepeatModeChanged
    static final int TRANSACTION_onShuffleModeChanged
android.support.v4.media.session.IMediaControllerCallback$Stub$Proxy:
    176:176:public java.lang.String getInterfaceDescriptor()